<?xml version="1.0" encoding="UTF-8"?>
<!-- Generated by org.testng.reporters.JUnitReportReporter -->
<testsuite hostname="DESKTOP-7S4N7UG" failures="0" tests="3" name="TestNGdemo.TestNGdemo2" time="0.010" errors="0" timestamp="2020-03-25T22:48:05 EDT" skipped="0">
  <testcase classname="TestNGdemo.TestNGdemo2" name="searchtoys" time="0.007"/>
  <system-out/>
  <testcase classname="TestNGdemo.TestNGdemo2" name="Advancedsearch" time="0.002"/>
  <system-out/>
  <testcase classname="TestNGdemo.TestNGdemo2" name="search" time="0.001"/>
  <system-out/>
</testsuite> <!-- TestNGdemo.TestNGdemo2 -->
