<?xml version="1.0" encoding="UTF-8"?>
<!-- Generated by org.testng.reporters.JUnitReportReporter -->
<testsuite hostname="DESKTOP-7S4N7UG" failures="0" tests="3" name="TestNGdemo.TestNGdemo1" time="0.016" errors="0" timestamp="2020-04-03T22:42:09 EDT" skipped="0">
  <testcase classname="TestNGdemo.TestNGdemo1" name="searchtoys" time="0.011"/>
  <system-out/>
  <testcase classname="TestNGdemo.TestNGdemo1" name="search" time="0.003"/>
  <system-out/>
  <testcase classname="TestNGdemo.TestNGdemo1" name="Advancedsearch" time="0.002"/>
  <system-out/>
</testsuite> <!-- TestNGdemo.TestNGdemo1 -->
