<?xml version="1.0" encoding="UTF-8"?>
<!-- Generated by org.testng.reporters.JUnitReportReporter -->
<testsuite hostname="DESKTOP-7S4N7UG" failures="0" tests="3" name="TestNGdemo.TestNGdemo" time="0.020" errors="0" timestamp="2020-03-25T22:00:59 EDT" skipped="0">
  <testcase classname="TestNGdemo.TestNGdemo" name="logout" time="0.016"/>
  <system-out/>
  <testcase classname="TestNGdemo.TestNGdemo" name="OpenURL" time="0.002"/>
  <system-out/>
  <testcase classname="TestNGdemo.TestNGdemo" name="login" time="0.002"/>
  <system-out/>
</testsuite> <!-- TestNGdemo.TestNGdemo -->
