<?xml version="1.0" encoding="UTF-8"?>
<!-- Generated by org.testng.reporters.JUnitReportReporter -->
<testsuite hostname="DESKTOP-7S4N7UG" failures="0" tests="5" name="TestNGdemo.TestNGdemo6" time="0.020" errors="0" timestamp="2020-06-05T21:08:12 EDT" skipped="2">
  <testcase classname="TestNGdemo.TestNGdemo6" name="openURL" time="0.015"/>
  <system-out/>
  <testcase classname="TestNGdemo.TestNGdemo6" name="login" time="0.003"/>
  <system-out/>
  <testcase classname="TestNGdemo.TestNGdemo6" name="logout" time="0.002"/>
  <system-out/>
  <testcase classname="TestNGdemo.TestNGdemo6" name="advancesearch">
    <skipped/>
  </testcase> <!-- advancesearch -->
  <system-out/>
  <testcase classname="TestNGdemo.TestNGdemo6" name="search">
    <skipped/>
  </testcase> <!-- search -->
  <system-out/>
</testsuite> <!-- TestNGdemo.TestNGdemo6 -->
